<?xml version="1.0" encoding="UTF-8"?>
<testsuite xmlns:xsi="http://www.w3.org/2001/XMLSchema-instance" xsi:noNamespaceSchemaLocation="https://maven.apache.org/surefire/maven-surefire-plugin/xsd/surefire-test-report.xsd" version="3.0.2" name="testRunner.TestRunner" time="20.743" tests="1" errors="0" skipped="0" failures="0">
  <properties>
[...]
</properties>
  <testcase name="Successful Login with Valid Credentials" classname="Login with Valid Credentials" time="14.526">
    <system-out><![CDATA[
@sanity @regression
Scenario: Successful Login with Valid Credentials                          # Features/Login.feature:4
  Given the user navigates to login page                                   # stepDefinitions.LoginSteps.user_navigate_to_login_page()
  When user enters email as "user25@gmail.com" and password as "sumon3540" # stepDefinitions.LoginSteps.user_enters_email_as_and_password_as(java.lang.String,java.lang.String)
  And the user clicks on the Login button                                  # stepDefinitions.LoginSteps.click_on_login_button()
  Then the user should be redirected to the MyAccount Page                 # stepDefinitions.LoginSteps.user_navigates_to_my_account_page()
]]></system-out>
    <system-err><![CDATA[9月 10, 2024 9:17:38 午後 org.openqa.selenium.devtools.CdpVersionFinder findNearestMatch
WARNING: Unable to find CDP implementation matching 128
9月 10, 2024 9:17:38 午後 org.openqa.selenium.chromium.ChromiumDriver lambda$new$5
WARNING: Unable to find version of CDP to use for 128.0.6613.120. You may need to include a dependency on a specific version of the CDP using something similar to `org.seleniumhq.selenium:selenium-devtools-v86:4.19.1` where the version ("v86") matches the version of the chromium-based browser you're using and the version number of the artifact is the same as Selenium's.
]]></system-err>
  </testcase>
</testsuite>